d:\j_files\docs\school\uc\2018\data structures\structbst\structbst\structbst\debug\vc141.pdb
d:\j_files\docs\school\uc\2018\data structures\structbst\structbst\structbst\debug\vc141.idb
d:\j_files\docs\school\uc\2018\data structures\structbst\structbst\structbst\debug\dllmain.obj
d:\j_files\docs\school\uc\2018\data structures\structbst\structbst\structbst\debug\structbst.obj
d:\j_files\docs\school\uc\2018\data structures\structbst\structbst\debug\structbst.dll
d:\j_files\docs\school\uc\2018\data structures\structbst\structbst\debug\structbst.ilk
d:\j_files\docs\school\uc\2018\data structures\structbst\structbst\debug\structbst.pdb
d:\j_files\docs\school\uc\2018\data structures\structbst\structbst\debug\structbst.lib
d:\j_files\docs\school\uc\2018\data structures\structbst\structbst\debug\structbst.exp
d:\j_files\docs\school\uc\2018\data structures\structbst\structbst\structbst\debug\structbst.obj.enc
d:\j_files\docs\school\uc\2018\data structures\structbst\structbst\structbst\debug\structbst.tlog\cl.command.1.tlog
d:\j_files\docs\school\uc\2018\data structures\structbst\structbst\structbst\debug\structbst.tlog\cl.read.1.tlog
d:\j_files\docs\school\uc\2018\data structures\structbst\structbst\structbst\debug\structbst.tlog\cl.write.1.tlog
d:\j_files\docs\school\uc\2018\data structures\structbst\structbst\structbst\debug\structbst.tlog\link.14452.delete.1.tlog
d:\j_files\docs\school\uc\2018\data structures\structbst\structbst\structbst\debug\structbst.tlog\link.19876.delete.1.tlog
d:\j_files\docs\school\uc\2018\data structures\structbst\structbst\structbst\debug\structbst.tlog\link.9944.delete.1.tlog
d:\j_files\docs\school\uc\2018\data structures\structbst\structbst\structbst\debug\structbst.tlog\link.command.1.tlog
d:\j_files\docs\school\uc\2018\data structures\structbst\structbst\structbst\debug\structbst.tlog\link.read.1.tlog
d:\j_files\docs\school\uc\2018\data structures\structbst\structbst\structbst\debug\structbst.tlog\link.write.1.tlog
d:\j_files\docs\school\uc\2018\data structures\structbst\structbst\structbst\debug\structbst.tlog\structbst.write.1u.tlog
