d:\j_files\docs\school\uc\2018\data structures\heap\heap\heap\debug\vc141.pdb
d:\j_files\docs\school\uc\2018\data structures\heap\heap\heap\debug\vc141.idb
d:\j_files\docs\school\uc\2018\data structures\heap\heap\heap\debug\dllmain.obj
d:\j_files\docs\school\uc\2018\data structures\heap\heap\heap\debug\heap.obj
d:\j_files\docs\school\uc\2018\data structures\heap\heap\debug\heap.lib
d:\j_files\docs\school\uc\2018\data structures\heap\heap\debug\heap.exp
d:\j_files\docs\school\uc\2018\data structures\heap\heap\debug\heap.dll
d:\j_files\docs\school\uc\2018\data structures\heap\heap\debug\heap.ilk
d:\j_files\docs\school\uc\2018\data structures\heap\heap\debug\heap.pdb
d:\j_files\docs\school\uc\2018\data structures\heap\heap\heap\debug\heap.tlog\cl.command.1.tlog
d:\j_files\docs\school\uc\2018\data structures\heap\heap\heap\debug\heap.tlog\cl.read.1.tlog
d:\j_files\docs\school\uc\2018\data structures\heap\heap\heap\debug\heap.tlog\cl.write.1.tlog
d:\j_files\docs\school\uc\2018\data structures\heap\heap\heap\debug\heap.tlog\heap.write.1u.tlog
d:\j_files\docs\school\uc\2018\data structures\heap\heap\heap\debug\heap.tlog\link.10940.delete.1.tlog
d:\j_files\docs\school\uc\2018\data structures\heap\heap\heap\debug\heap.tlog\link.1168.delete.1.tlog
d:\j_files\docs\school\uc\2018\data structures\heap\heap\heap\debug\heap.tlog\link.16804.delete.1.tlog
d:\j_files\docs\school\uc\2018\data structures\heap\heap\heap\debug\heap.tlog\link.6192.delete.1.tlog
d:\j_files\docs\school\uc\2018\data structures\heap\heap\heap\debug\heap.tlog\link.6484.delete.1.tlog
d:\j_files\docs\school\uc\2018\data structures\heap\heap\heap\debug\heap.tlog\link.9880.delete.1.tlog
d:\j_files\docs\school\uc\2018\data structures\heap\heap\heap\debug\heap.tlog\link.command.1.tlog
d:\j_files\docs\school\uc\2018\data structures\heap\heap\heap\debug\heap.tlog\link.read.1.tlog
d:\j_files\docs\school\uc\2018\data structures\heap\heap\heap\debug\heap.tlog\link.write.1.tlog
