c:\users\jnoto\onedrive\documents\school\fall 2018\data structures\structbst (2)\structbst\structbst\debug\vc141.pdb
c:\users\jnoto\onedrive\documents\school\fall 2018\data structures\structbst (2)\structbst\structbst\debug\vc141.idb
c:\users\jnoto\onedrive\documents\school\fall 2018\data structures\structbst (2)\structbst\structbst\debug\structbst.obj
c:\users\jnoto\onedrive\documents\school\fall 2018\data structures\structbst (2)\structbst\structbst\debug\dllmain.obj
c:\users\jnoto\onedrive\documents\school\fall 2018\data structures\structbst (2)\structbst\debug\structbst.dll
c:\users\jnoto\onedrive\documents\school\fall 2018\data structures\structbst (2)\structbst\debug\structbst.ilk
c:\users\jnoto\onedrive\documents\school\fall 2018\data structures\structbst (2)\structbst\debug\structbst.pdb
c:\users\jnoto\onedrive\documents\school\fall 2018\data structures\structbst (2)\structbst\debug\structbst.lib
c:\users\jnoto\onedrive\documents\school\fall 2018\data structures\structbst (2)\structbst\debug\structbst.exp
c:\users\jnoto\onedrive\documents\school\fall 2018\data structures\structbst (2)\structbst\structbst\debug\structbst.obj.enc
c:\users\jnoto\onedrive\documents\school\fall 2018\data structures\structbst (2)\structbst\structbst\debug\structbst.tlog\cl.command.1.tlog
c:\users\jnoto\onedrive\documents\school\fall 2018\data structures\structbst (2)\structbst\structbst\debug\structbst.tlog\cl.read.1.tlog
c:\users\jnoto\onedrive\documents\school\fall 2018\data structures\structbst (2)\structbst\structbst\debug\structbst.tlog\cl.write.1.tlog
c:\users\jnoto\onedrive\documents\school\fall 2018\data structures\structbst (2)\structbst\structbst\debug\structbst.tlog\link.13712.delete.1.tlog
c:\users\jnoto\onedrive\documents\school\fall 2018\data structures\structbst (2)\structbst\structbst\debug\structbst.tlog\link.15196.delete.1.tlog
c:\users\jnoto\onedrive\documents\school\fall 2018\data structures\structbst (2)\structbst\structbst\debug\structbst.tlog\link.19204.delete.1.tlog
c:\users\jnoto\onedrive\documents\school\fall 2018\data structures\structbst (2)\structbst\structbst\debug\structbst.tlog\link.4420.delete.1.tlog
c:\users\jnoto\onedrive\documents\school\fall 2018\data structures\structbst (2)\structbst\structbst\debug\structbst.tlog\link.6736.delete.1.tlog
c:\users\jnoto\onedrive\documents\school\fall 2018\data structures\structbst (2)\structbst\structbst\debug\structbst.tlog\link.command.1.tlog
c:\users\jnoto\onedrive\documents\school\fall 2018\data structures\structbst (2)\structbst\structbst\debug\structbst.tlog\link.delete.1.tlog
c:\users\jnoto\onedrive\documents\school\fall 2018\data structures\structbst (2)\structbst\structbst\debug\structbst.tlog\link.read.1.tlog
c:\users\jnoto\onedrive\documents\school\fall 2018\data structures\structbst (2)\structbst\structbst\debug\structbst.tlog\link.write.1.tlog
c:\users\jnoto\onedrive\documents\school\fall 2018\data structures\structbst (2)\structbst\structbst\debug\structbst.tlog\structbst.write.1u.tlog
